2025/01/26 09:20:50 [97m[Log][0m false
2025/01/26 09:20:50 [97m[Log][0m false
2025/01/26 09:20:50 [97m[Log][0m
2025/01/26 09:21:30 [34m[Debug][0m false
2025/01/26 09:21:30 [34m[Debug][0m false
2025/01/26 09:21:30 [34m[Debug][0m
2025/01/26 09:21:30 [34m[Debug][0m Hello2
2025/01/26 09:22:37 [34m[Debug][0m false
2025/01/26 09:22:37 [34m[Debug][0m false
2025/01/26 09:22:37 [34m[Debug][0m
2025/01/26 09:22:37 [34m[Debug][0m false
2025/01/26 09:22:37 [34m[Debug][0m Hello2
2025/01/26 09:22:50 [34m[Debug][0m false
2025/01/26 09:22:50 [34m[Debug][0m false
2025/01/26 09:22:50 [34m[Debug][0m
2025/01/26 09:22:50 [34m[Debug][0m false
2025/01/26 09:22:50 [34m[Debug][0m Hello2
2025/01/26 09:23:15 [34m[Debug][0m false
2025/01/26 09:23:15 [34m[Debug][0m false
2025/01/26 09:23:15 [34m[Debug][0m
2025/01/26 09:23:15 [34m[Debug][0m false
2025/01/26 09:23:15 [34m[Debug][0m Hello2
2025/01/26 09:23:37 [34m[Debug][0m false
2025/01/26 09:23:37 [34m[Debug][0m false
2025/01/26 09:23:37 [34m[Debug][0m
2025/01/26 09:23:37 [34m[Debug][0m false
2025/01/26 09:23:37 [34m[Debug][0m Hello2
2025/01/26 09:24:42 [34m[Debug][0m false
2025/01/26 09:24:42 [34m[Debug][0m false
2025/01/26 09:24:42 [34m[Debug][0m
2025/01/26 09:24:42 [34m[Debug][0m false
2025/01/26 09:24:42 [34m[Debug][0m Hello2
2025/01/26 09:24:49 [34m[Debug][0m false
2025/01/26 09:24:49 [34m[Debug][0m false
2025/01/26 09:24:49 [34m[Debug][0m
2025/01/26 09:24:49 [34m[Debug][0m true
2025/01/26 09:24:49 [34m[Debug][0m Hello2
2025/01/26 09:34:47 [34m[Debug][0m false
2025/01/26 09:34:47 [34m[Debug][0m false
2025/01/26 09:34:47 [34m[Debug][0m
2025/01/26 09:34:47 [34m[Debug][0m false
2025/01/26 09:34:47 [31m[Fatal] [0m Expected atleast one valid flag!
2025/01/26 09:34:47
2025/01/26 13:28:01 [34m[Debug][0m false
2025/01/26 13:28:01 [34m[Debug][0m false
2025/01/26 13:28:01 [34m[Debug][0m
2025/01/26 13:28:01 [34m[Debug][0m false
2025/01/26 13:28:01 [31m[Fatal] [0m Expected atleast one valid flag!
2025/01/26 13:28:01
2025/01/26 13:28:05 [34m[Debug][0m false
2025/01/26 13:28:05 [34m[Debug][0m false
2025/01/26 13:28:05 [34m[Debug][0m
2025/01/26 13:28:05 [34m[Debug][0m false
2025/01/26 13:28:05 [31m[Fatal] [0m Expected atleast one valid flag!
2025/01/26 13:28:05
2025/01/26 13:28:43 [34m[Debug][0m false
2025/01/26 13:28:43 [34m[Debug][0m false
2025/01/26 13:28:43 [34m[Debug][0m
2025/01/26 13:28:43 [34m[Debug][0m false
2025/01/26 13:28:43 [31m[Fatal] [0m Expected atleast one valid flag!
2025/01/26 13:28:43
2025/01/26 13:28:52 [34m[Debug][0m false
2025/01/26 13:28:52 [34m[Debug][0m false
2025/01/26 13:28:52 [34m[Debug][0m
2025/01/26 13:28:52 [34m[Debug][0m false
2025/01/26 13:28:52 [31m[Fatal] [0m Expected atleast one valid flag!
2025/01/26 13:28:52
2025/01/26 13:28:57 [34m[Debug][0m false
2025/01/26 13:28:57 [34m[Debug][0m false
2025/01/26 13:28:57 [34m[Debug][0m
2025/01/26 13:28:57 [34m[Debug][0m false
2025/01/26 13:28:57 [31m[Fatal] [0m Expected atleast one valid flag!
2025/01/26 13:28:57
2025/01/26 13:30:25 [34m[Debug][0m
2025/01/26 13:30:25 [34m[Debug][0m
2025/01/26 13:30:25 [34m[Debug][0m
2025/01/26 13:30:25 [34m[Debug][0m false
2025/01/26 13:30:25 [32m[Success][0m Tls config was obtained successfully!
2025/01/26 13:30:25 [97m[Log][0m Starting up server...
2025/01/26 13:30:25 failed to sufficiently increase receive buffer size (was: 208 kiB, wanted: 7168 kiB, got: 416 kiB). See https://github.com/quic-go/quic-go/wiki/UDP-Buffer-Sizes for details.
2025/01/26 13:31:50 [34m[Debug][0m
2025/01/26 13:31:50 [34m[Debug][0m
2025/01/26 13:31:50 [34m[Debug][0m
2025/01/26 13:31:50 [34m[Debug][0m false
2025/01/26 13:31:50 [32m[Success][0m Tls config was obtained successfully!
2025/01/26 13:31:50 [97m[Log][0m Starting up server...
2025/01/26 13:31:50 failed to sufficiently increase receive buffer size (was: 208 kiB, wanted: 7168 kiB, got: 416 kiB). See https://github.com/quic-go/quic-go/wiki/UDP-Buffer-Sizes for details.
2025/01/26 13:32:30 [34m[Debug][0m true
2025/01/26 13:32:30 [34m[Debug][0m false
2025/01/26 13:32:30 [34m[Debug][0m
2025/01/26 13:32:30 [34m[Debug][0m false
2025/01/26 13:32:30 [32m[Success][0m Tls config was obtained successfully!
2025/01/26 13:32:30 [97m[Log][0m Starting up server...
2025/01/26 13:32:30 failed to sufficiently increase receive buffer size (was: 208 kiB, wanted: 7168 kiB, got: 416 kiB). See https://github.com/quic-go/quic-go/wiki/UDP-Buffer-Sizes for details.
2025/01/26 13:34:06 [34m[Debug][0m true
2025/01/26 13:34:06 [34m[Debug][0m false
2025/01/26 13:34:06 [34m[Debug][0m
2025/01/26 13:34:06 [34m[Debug][0m false
2025/01/26 13:34:06 [32m[Success][0m Tls config was obtained successfully!
2025/01/26 13:34:06 [97m[Log][0m Starting up server...
2025/01/26 13:34:06 failed to sufficiently increase receive buffer size (was: 208 kiB, wanted: 7168 kiB, got: 416 kiB). See https://github.com/quic-go/quic-go/wiki/UDP-Buffer-Sizes for details.
2025/01/26 13:34:54 [34m[Debug][0m true
2025/01/26 13:34:54 [34m[Debug][0m false
2025/01/26 13:34:54 [34m[Debug][0m
2025/01/26 13:34:54 [34m[Debug][0m false
2025/01/26 13:34:54 [32m[Success][0m Tls config was obtained successfully!
2025/01/26 13:34:54 [97m[Log][0m Starting up server...
2025/01/26 13:34:54 failed to sufficiently increase receive buffer size (was: 208 kiB, wanted: 7168 kiB, got: 416 kiB). See https://github.com/quic-go/quic-go/wiki/UDP-Buffer-Sizes for details.
